<?xml version="1.0" encoding="UTF-8"?>
<!-- Generated by org.testng.reporters.JUnitReportReporter -->
<testsuite skipped="0" hostname="NB1499-PC0A8B16" name="com.crm.qa.testcases.HomePageTest" tests="2" failures="0" timestamp="05 Mar 2018 06:32:04 GMT" time="44.331" errors="0">
  <testcase name="VerifyHomePageTitleTest" time="21.857" classname="com.crm.qa.testcases.HomePageTest"/>
  <testcase name="VerifyUserNameIsDisplayed" time="22.474" classname="com.crm.qa.testcases.HomePageTest"/>
</testsuite> <!-- com.crm.qa.testcases.HomePageTest -->
