<?xml version="1.0" encoding="UTF-8"?>
<!-- Generated by org.testng.reporters.JUnitReportReporter -->
<testsuite skipped="0" hostname="NB1499-PC0A8B16" name="com.crm.qa.testcases.LoginPageTest" tests="3" failures="0" timestamp="05 Mar 2018 06:32:04 GMT" time="51.373" errors="0">
  <testcase name="loginPageTitleTest" time="12.433" classname="com.crm.qa.testcases.LoginPageTest"/>
  <testcase name="validateCRMLogoTest" time="11.145" classname="com.crm.qa.testcases.LoginPageTest"/>
  <testcase name="LoginTest" time="27.795" classname="com.crm.qa.testcases.LoginPageTest"/>
</testsuite> <!-- com.crm.qa.testcases.LoginPageTest -->
