<?xml version="1.0" encoding="UTF-8"?>
<!-- Generated by org.testng.reporters.JUnitReportReporter -->
<testsuite skipped="0" hostname="NB1499-PC0A8B16" name="com.crm.qa.testcases.ContactsPageTest" tests="6" failures="0" timestamp="05 Mar 2018 06:32:04 GMT" time="183.398" errors="0">
  <testcase name="verifyContactsPageDisplayedTest" time="26.999" classname="com.crm.qa.testcases.ContactsPageTest"/>
  <testcase name="clickContactsChkTest" time="23.237" classname="com.crm.qa.testcases.ContactsPageTest"/>
  <testcase name="validateCreateNewContact" time="30.846" classname="com.crm.qa.testcases.ContactsPageTest"/>
  <testcase name="validateCreateNewContact" time="32.618" classname="com.crm.qa.testcases.ContactsPageTest"/>
  <testcase name="validateCreateNewContact" time="32.640" classname="com.crm.qa.testcases.ContactsPageTest"/>
  <testcase name="validateCreateNewContact" time="37.058" classname="com.crm.qa.testcases.ContactsPageTest"/>
</testsuite> <!-- com.crm.qa.testcases.ContactsPageTest -->
